<?xml version="1.0" encoding="UTF-8"?>
<!-- Generated by org.testng.reporters.JUnitReportReporter -->
<testsuite hostname="DESKTOP-PGQDMSG" failures="0" tests="4" name="curaHealth.tests.EtETest" time="82.125" errors="0" timestamp="2024-09-07T22:44:43 IST" skipped="0">
  <testcase classname="curaHealth.tests.EtETest" name="TC_02_LoginNegativeCase" time="16.004"/>
  <testcase classname="curaHealth.tests.EtETest" name="TC_04_VerifyIfBookingIsAddedToHistoryPage" time="27.614"/>
  <testcase classname="curaHealth.tests.EtETest" name="TC_01_LoginPositiveCase" time="13.854"/>
  <testcase classname="curaHealth.tests.EtETest" name="TC_03_BookAppointment" time="24.653"/>
</testsuite> <!-- curaHealth.tests.EtETest -->
